android/app/build/intermediates/manifest_merge_blame_file/debug/manifest-merger-blame-debug-report.txt
1<?xml version="1.0" encoding="utf-8"?>
2<manifest xmlns:android="http://schemas.android.com/apk/res/android"
3    package="com.blindnav.app"
4    android:versionCode="1"
5    android:versionName="1.0.0" >
6
7    <uses-sdk
8        android:minSdkVersion="26"
9        android:targetSdkVersion="34" />
10
11    <!-- Hardware & System Permissions -->
12    <uses-permission android:name="android.permission.CAMERA" />
12-->src\main\AndroidManifest.xml:6:5-65
12-->src\main\AndroidManifest.xml:6:22-62
13    <uses-permission android:name="android.permission.VIBRATE" />
13-->src\main\AndroidManifest.xml:7:5-66
13-->src\main\AndroidManifest.xml:7:22-63
14    <uses-permission android:name="android.permission.RECORD_AUDIO" />
14-->src\main\AndroidManifest.xml:8:5-71
14-->src\main\AndroidManifest.xml:8:22-68
15    <uses-permission android:name="android.permission.ACCESS_FINE_LOCATION" />
15-->src\main\AndroidManifest.xml:9:5-79
15-->src\main\AndroidManifest.xml:9:22-76
16    <uses-permission android:name="android.permission.ACCESS_COARSE_LOCATION" />
16-->src\main\AndroidManifest.xml:10:5-81
16-->src\main\AndroidManifest.xml:10:22-78
17    <uses-permission android:name="android.permission.SEND_SMS" />
17-->src\main\AndroidManifest.xml:11:5-67
17-->src\main\AndroidManifest.xml:11:22-64
18
19    <!-- Feature Requirements -->
20    <uses-feature
20-->src\main\AndroidManifest.xml:14:5-16:35
21        android:name="android.hardware.camera"
21-->src\main\AndroidManifest.xml:15:9-47
22        android:required="true" />
22-->src\main\AndroidManifest.xml:16:9-32
23    <uses-feature
23-->src\main\AndroidManifest.xml:17:5-19:36
24        android:name="android.hardware.camera.autofocus"
24-->src\main\AndroidManifest.xml:18:9-57
25        android:required="false" />
25-->src\main\AndroidManifest.xml:19:9-33
26
27    <permission
27-->[androidx.core:core:1.12.0] AndroidManifest.xml:22:5-24:47
28        android:name="com.blindnav.app.DYNAMIC_RECEIVER_NOT_EXPORTED_PERMISSION"
28-->[androidx.core:core:1.12.0] AndroidManifest.xml:23:9-81
29        android:protectionLevel="signature" />
29-->[androidx.core:core:1.12.0] AndroidManifest.xml:24:9-44
30
31    <uses-permission android:name="com.blindnav.app.DYNAMIC_RECEIVER_NOT_EXPORTED_PERMISSION" />
31-->[androidx.core:core:1.12.0] AndroidManifest.xml:26:5-97
31-->[androidx.core:core:1.12.0] AndroidManifest.xml:26:22-94
32    <uses-permission android:name="android.permission.WRITE_EXTERNAL_STORAGE" />
33    <uses-permission android:name="android.permission.READ_PHONE_STATE" />
34    <uses-permission android:name="android.permission.READ_EXTERNAL_STORAGE" />
35
36    <application
36-->src\main\AndroidManifest.xml:21:5-42:19
37        android:allowBackup="true"
37-->src\main\AndroidManifest.xml:22:9-35
38        android:appComponentFactory="androidx.core.app.CoreComponentFactory"
38-->[androidx.core:core:1.12.0] AndroidManifest.xml:28:18-86
39        android:dataExtractionRules="@xml/data_extraction_rules"
39-->src\main\AndroidManifest.xml:23:9-65
40        android:debuggable="true"
41        android:extractNativeLibs="false"
42        android:fullBackupContent="@xml/backup_rules"
42-->src\main\AndroidManifest.xml:24:9-54
43        android:icon="@mipmap/ic_launcher"
43-->src\main\AndroidManifest.xml:25:9-43
44        android:label="BlindNav AI"
44-->src\main\AndroidManifest.xml:26:9-36
45        android:roundIcon="@mipmap/ic_launcher_round"
45-->src\main\AndroidManifest.xml:27:9-54
46        android:supportsRtl="true"
46-->src\main\AndroidManifest.xml:28:9-35
47        android:testOnly="true"
48        android:theme="@style/Theme.AppCompat.NoActionBar" >
48-->src\main\AndroidManifest.xml:29:9-59
49        <activity
49-->src\main\AndroidManifest.xml:32:9-41:20
50            android:name="com.blindnav.app.MainActivity"
50-->src\main\AndroidManifest.xml:33:13-41
51            android:configChanges="orientation|screenSize|keyboardHidden"
51-->src\main\AndroidManifest.xml:36:13-74
52            android:exported="true"
52-->src\main\AndroidManifest.xml:34:13-36
53            android:screenOrientation="portrait" >
53-->src\main\AndroidManifest.xml:35:13-49
54            <intent-filter>
54-->src\main\AndroidManifest.xml:37:13-40:29
55                <action android:name="android.intent.action.MAIN" />
55-->src\main\AndroidManifest.xml:38:17-69
55-->src\main\AndroidManifest.xml:38:25-66
56
57                <category android:name="android.intent.category.LAUNCHER" />
57-->src\main\AndroidManifest.xml:39:17-77
57-->src\main\AndroidManifest.xml:39:27-74
58            </intent-filter>
59        </activity>
60
61        <service
61-->[androidx.camera:camera-camera2:1.3.1] AndroidManifest.xml:24:9-33:19
62            android:name="androidx.camera.core.impl.MetadataHolderService"
62-->[androidx.camera:camera-camera2:1.3.1] AndroidManifest.xml:25:13-75
63            android:enabled="false"
63-->[androidx.camera:camera-camera2:1.3.1] AndroidManifest.xml:26:13-36
64            android:exported="false" >
64-->[androidx.camera:camera-camera2:1.3.1] AndroidManifest.xml:27:13-37
65            <meta-data
65-->[androidx.camera:camera-camera2:1.3.1] AndroidManifest.xml:30:13-32:89
66                android:name="androidx.camera.core.impl.MetadataHolderService.DEFAULT_CONFIG_PROVIDER"
66-->[androidx.camera:camera-camera2:1.3.1] AndroidManifest.xml:31:17-103
67                android:value="androidx.camera.camera2.Camera2Config$DefaultProvider" />
67-->[androidx.camera:camera-camera2:1.3.1] AndroidManifest.xml:32:17-86
68        </service>
69
70        <provider
70-->[androidx.emoji2:emoji2:1.2.0] AndroidManifest.xml:24:9-32:20
71            android:name="androidx.startup.InitializationProvider"
71-->[androidx.emoji2:emoji2:1.2.0] AndroidManifest.xml:25:13-67
72            android:authorities="com.blindnav.app.androidx-startup"
72-->[androidx.emoji2:emoji2:1.2.0] AndroidManifest.xml:26:13-68
73            android:exported="false" >
73-->[androidx.emoji2:emoji2:1.2.0] AndroidManifest.xml:27:13-37
74            <meta-data
74-->[androidx.emoji2:emoji2:1.2.0] AndroidManifest.xml:29:13-31:52
75                android:name="androidx.emoji2.text.EmojiCompatInitializer"
75-->[androidx.emoji2:emoji2:1.2.0] AndroidManifest.xml:30:17-75
76                android:value="androidx.startup" />
76-->[androidx.emoji2:emoji2:1.2.0] AndroidManifest.xml:31:17-49
77            <meta-data
77-->[androidx.lifecycle:lifecycle-process:2.6.1] AndroidManifest.xml:29:13-31:52
78                android:name="androidx.lifecycle.ProcessLifecycleInitializer"
78-->[androidx.lifecycle:lifecycle-process:2.6.1] AndroidManifest.xml:30:17-78
79                android:value="androidx.startup" />
79-->[androidx.lifecycle:lifecycle-process:2.6.1] AndroidManifest.xml:31:17-49
80            <meta-data
80-->[androidx.profileinstaller:profileinstaller:1.3.0] AndroidManifest.xml:29:13-31:52
81                android:name="androidx.profileinstaller.ProfileInstallerInitializer"
81-->[androidx.profileinstaller:profileinstaller:1.3.0] AndroidManifest.xml:30:17-85
82                android:value="androidx.startup" />
82-->[androidx.profileinstaller:profileinstaller:1.3.0] AndroidManifest.xml:31:17-49
83        </provider>
84
85        <activity
85-->[com.google.android.gms:play-services-base:18.1.0] AndroidManifest.xml:20:9-22:45
86            android:name="com.google.android.gms.common.api.GoogleApiActivity"
86-->[com.google.android.gms:play-services-base:18.1.0] AndroidManifest.xml:20:19-85
87            android:exported="false"
87-->[com.google.android.gms:play-services-base:18.1.0] AndroidManifest.xml:22:19-43
88            android:theme="@android:style/Theme.Translucent.NoTitleBar" />
88-->[com.google.android.gms:play-services-base:18.1.0] AndroidManifest.xml:21:19-78
89
90        <meta-data
90-->[com.google.android.gms:play-services-basement:18.1.0] AndroidManifest.xml:21:9-23:69
91            android:name="com.google.android.gms.version"
91-->[com.google.android.gms:play-services-basement:18.1.0] AndroidManifest.xml:22:13-58
92            android:value="@integer/google_play_services_version" />
92-->[com.google.android.gms:play-services-basement:18.1.0] AndroidManifest.xml:23:13-66
93
94        <service
94-->[androidx.room:room-runtime:2.6.1] AndroidManifest.xml:24:9-28:63
95            android:name="androidx.room.MultiInstanceInvalidationService"
95-->[androidx.room:room-runtime:2.6.1] AndroidManifest.xml:25:13-74
96            android:directBootAware="true"
96-->[androidx.room:room-runtime:2.6.1] AndroidManifest.xml:26:13-43
97            android:exported="false" />
97-->[androidx.room:room-runtime:2.6.1] AndroidManifest.xml:27:13-37
98
99        <receiver
99-->[androidx.profileinstaller:profileinstaller:1.3.0] AndroidManifest.xml:34:9-52:20
100            android:name="androidx.profileinstaller.ProfileInstallReceiver"
100-->[androidx.profileinstaller:profileinstaller:1.3.0] AndroidManifest.xml:35:13-76
101            android:directBootAware="false"
101-->[androidx.profileinstaller:profileinstaller:1.3.0] AndroidManifest.xml:36:13-44
102            android:enabled="true"
102-->[androidx.profileinstaller:profileinstaller:1.3.0] AndroidManifest.xml:37:13-35
103            android:exported="true"
103-->[androidx.profileinstaller:profileinstaller:1.3.0] AndroidManifest.xml:38:13-36
104            android:permission="android.permission.DUMP" >
104-->[androidx.profileinstaller:profileinstaller:1.3.0] AndroidManifest.xml:39:13-57
105            <intent-filter>
105-->[androidx.profileinstaller:profileinstaller:1.3.0] AndroidManifest.xml:40:13-42:29
106                <action android:name="androidx.profileinstaller.action.INSTALL_PROFILE" />
106-->[androidx.profileinstaller:profileinstaller:1.3.0] AndroidManifest.xml:41:17-91
106-->[androidx.profileinstaller:profileinstaller:1.3.0] AndroidManifest.xml:41:25-88
107            </intent-filter>
108            <intent-filter>
108-->[androidx.profileinstaller:profileinstaller:1.3.0] AndroidManifest.xml:43:13-45:29
109                <action android:name="androidx.profileinstaller.action.SKIP_FILE" />
109-->[androidx.profileinstaller:profileinstaller:1.3.0] AndroidManifest.xml:44:17-85
109-->[androidx.profileinstaller:profileinstaller:1.3.0] AndroidManifest.xml:44:25-82
110            </intent-filter>
111            <intent-filter>
111-->[androidx.profileinstaller:profileinstaller:1.3.0] AndroidManifest.xml:46:13-48:29
112                <action android:name="androidx.profileinstaller.action.SAVE_PROFILE" />
112-->[androidx.profileinstaller:profileinstaller:1.3.0] AndroidManifest.xml:47:17-88
112-->[androidx.profileinstaller:profileinstaller:1.3.0] AndroidManifest.xml:47:25-85
113            </intent-filter>
114            <intent-filter>
114-->[androidx.profileinstaller:profileinstaller:1.3.0] AndroidManifest.xml:49:13-51:29
115                <action android:name="androidx.profileinstaller.action.BENCHMARK_OPERATION" />
115-->[androidx.profileinstaller:profileinstaller:1.3.0] AndroidManifest.xml:50:17-95
115-->[androidx.profileinstaller:profileinstaller:1.3.0] AndroidManifest.xml:50:25-92
116            </intent-filter>
117        </receiver>
118        <!--
119 Applications that target Android S+ require explicit declaration of
120             any referenced vendor-provided libraries.
121        -->
122        <uses-native-library
122-->[org.tensorflow:tensorflow-lite-gpu-api:2.14.0] AndroidManifest.xml:8:9-10:40
123            android:name="libOpenCL.so"
123-->[org.tensorflow:tensorflow-lite-gpu-api:2.14.0] AndroidManifest.xml:9:13-40
124            android:required="false" />
124-->[org.tensorflow:tensorflow-lite-gpu-api:2.14.0] AndroidManifest.xml:10:13-37
125        <uses-native-library
125-->[org.tensorflow:tensorflow-lite-gpu-api:2.14.0] AndroidManifest.xml:8:9-10:40
126            android:name="libOpenCL-car.so"
126-->[org.tensorflow:tensorflow-lite-gpu-api:2.14.0] AndroidManifest.xml:9:13-40
127            android:required="false" />
127-->[org.tensorflow:tensorflow-lite-gpu-api:2.14.0] AndroidManifest.xml:10:13-37
128        <uses-native-library
128-->[org.tensorflow:tensorflow-lite-gpu-api:2.14.0] AndroidManifest.xml:8:9-10:40
129            android:name="libOpenCL-pixel.so"
129-->[org.tensorflow:tensorflow-lite-gpu-api:2.14.0] AndroidManifest.xml:9:13-40
130            android:required="false" />
130-->[org.tensorflow:tensorflow-lite-gpu-api:2.14.0] AndroidManifest.xml:10:13-37
131    </application>
132
133</manifest>